<?xml version="1.0" encoding="UTF-8"?>
<!-- Generated by org.testng.reporters.JUnitReportReporter -->
<testsuite hostname="Hemasai" failures="0" tests="1" name="Programs.Alert" time="3.153" errors="0" timestamp="2024-06-02T17:45:39 IST" skipped="0">
  <testcase classname="Programs.Alert" name="f" time="3.153"/>
  <system-out/>
</testsuite> <!-- Programs.Alert -->
